IQ-TREE multicore version 1.6.11 for Linux 64-bit built Jun  6 2019
Developed by Bui Quang Minh, Nguyen Lam Tung, Olga Chernomor,
Heiko Schmidt, Dominik Schrempf, Michael Woodhams.

Host:    jordan (SSE4.2, 11 GB RAM)
Command: ../../iqtree -s SUP35_aln.best.fas -st DNA -spp partitions_for_raxml.txt -pre SUP35_aln.best.fas -m GTR+F -bb 1000 -alrt 1000
Seed:    647721 (Using SPRNG - Scalable Parallel Random Number Generator)
Time:    Fri Oct 18 09:03:20 2019
Kernel:  SSE2 - 1 threads (8 CPU cores detected)

HINT: Use -nt option to specify number of threads because your CPU has 8 cores!
HINT: -nt AUTO will automatically determine the best number of threads to use.

Reading partition model file partitions_for_raxml.txt ...
Reading alignment file SUP35_aln.best.fas ... Fasta format detected
Alignment most likely contains DNA/RNA sequences
Alignment has 10 sequences with 2460 columns, 614 distinct patterns
509 parsimony-informative, 407 singleton sites, 1544 constant sites
                                        Gap/Ambiguity  Composition  p-value
   1  SUP35_Kla_AB039749                       14.63%    passed     88.37%
   2  SUP35_Agos_ATCC_10895_NM_211584          15.73%    failed      0.00%
   3  SUP35_Scer_74-D694_GCA_001578265.1       16.46%    passed     93.86%
   4  SUP35_Sbou_unique28_CM003560             16.46%    passed     92.56%
   5  SUP35_Scer_beer078_CM005938              18.78%    passed     89.70%
   6  SUP35_Spar_A12_Liti                      16.95%    passed     57.73%
   7  SUP35_Smik_IFO1815T_30                   16.95%    passed     61.92%
   8  SUP35_Sarb_H-6_chrXIII_CM001575          17.07%    passed     58.58%
   9  SUP35_Skud_IFO1802T_36                   17.32%    passed     98.38%
  10  SUP35_Seub_CBS12357_chr_II_IV_DF968535   17.80%    passed     64.34%
****  TOTAL                                    16.82%  1 sequences failed composition chi2 test (p-value<5%; df=3)

Partition file is not in NEXUS format, assuming RAxML-style partition file...
Subset	Type	Seqs	Sites	Infor	Invar	Model	Name
1	DNA	10	387	43	279	GTR+F	NM_pos1
2	DNA	10	386	37	282	GTR+F	NM_pos2
3	DNA	10	386	130	164	GTR+F	NM_pos3
4	DNA	10	434	19	393	GTR+F	C_pos1
5	DNA	10	434	236	73	GTR+F	C_pos2
6	DNA	10	433	44	353	GTR+F	C_pos3
Degree of missing data: 0.000
Info: multi-threading strategy over partitions


Create initial parsimony tree by phylogenetic likelihood library (PLL)... 0.001 seconds
Generating 1000 samples for ultrafast bootstrap (seed: 647721)...

NOTE: 3 MB RAM (0 GB) is required!
Estimate model parameters (epsilon = 0.100)
Initial log-likelihood: -10324.927
Current log-likelihood at step 1: -9148.596
Current log-likelihood at step 2: -9101.956
Current log-likelihood at step 3: -9088.286
Current log-likelihood at step 4: -9079.370
Current log-likelihood at step 5: -9073.371
Current log-likelihood at step 6: -9069.004
Current log-likelihood at step 7: -9065.538
Current log-likelihood at step 8: -9062.638
Current log-likelihood at step 9: -9060.155
Current log-likelihood at step 10: -9058.028
Current log-likelihood at step 11: -9056.159
Current log-likelihood at step 12: -9054.576
Current log-likelihood at step 13: -9053.194
Current log-likelihood at step 14: -9051.982
Current log-likelihood at step 15: -9050.930
Current log-likelihood at step 16: -9049.997
Current log-likelihood at step 17: -9049.176
Current log-likelihood at step 18: -9048.428
Current log-likelihood at step 19: -9047.777
Current log-likelihood at step 20: -9047.190
Current log-likelihood at step 21: -9046.664
Current log-likelihood at step 22: -9046.196
Current log-likelihood at step 23: -9045.778
Current log-likelihood at step 24: -9045.406
Current log-likelihood at step 25: -9045.065
Current log-likelihood at step 26: -9044.762
Current log-likelihood at step 27: -9044.499
Current log-likelihood at step 28: -9044.261
Current log-likelihood at step 29: -9044.050
Current log-likelihood at step 30: -9043.822
Current log-likelihood at step 31: -9043.624
Current log-likelihood at step 32: -9043.447
Current log-likelihood at step 33: -9043.286
Current log-likelihood at step 34: -9043.141
Current log-likelihood at step 35: -9043.011
Current log-likelihood at step 36: -9042.894
Current log-likelihood at step 37: -9042.790
Current log-likelihood at step 38: -9042.696
Partition-specific rates:  0.539 0.536 2.656 0.094 2.054 0.202
Parameters optimization took 37 rounds (0.636 sec)


WARNING: Estimated model parameters are at boundary that can cause numerical instability!

Computing ML distances based on estimated model parameters... 0.004 sec
Computing BIONJ tree...
0.036 seconds
Log-likelihood of BIONJ tree: -9044.963
--------------------------------------------------------------------
|             INITIALIZING CANDIDATE TREE SET                      |
--------------------------------------------------------------------
Generating 98 parsimony trees... 0.181 second
Computing log-likelihood of 85 initial trees ... 0.380 seconds
Current best score: -9042.696

Do NNI search on 20 best initial trees
Estimate model parameters (epsilon = 0.100)
Initial log-likelihood: -9042.691
Current log-likelihood at step 1: -9042.615
Parameters optimization took 0 rounds (0.010 sec)


WARNING: Estimated model parameters are at boundary that can cause numerical instability!

BETTER TREE FOUND at iteration 1: -9042.615
UPDATE BEST LOG-LIKELIHOOD: -9042.614
Iteration 10 / LogL: -9042.621 / Time: 0h:0m:1s
Iteration 20 / LogL: -9042.759 / Time: 0h:0m:2s
Finish initializing candidate tree set (1)
Current best tree score: -9042.614 / CPU time: 1.309
Number of iterations: 20
--------------------------------------------------------------------
|               OPTIMIZING CANDIDATE TREE SET                      |
--------------------------------------------------------------------
UPDATE BEST LOG-LIKELIHOOD: -9042.613
Iteration 30 / LogL: -9042.614 / Time: 0h:0m:2s (0h:0m:6s left)
UPDATE BEST LOG-LIKELIHOOD: -9042.613
Iteration 40 / LogL: -9042.615 / Time: 0h:0m:2s (0h:0m:4s left)
UPDATE BEST LOG-LIKELIHOOD: -9042.613
Iteration 50 / LogL: -9042.696 / Time: 0h:0m:3s (0h:0m:3s left)
Log-likelihood cutoff on original alignment: -9081.315
UPDATE BEST LOG-LIKELIHOOD: -9042.613
Iteration 60 / LogL: -9042.624 / Time: 0h:0m:3s (0h:0m:2s left)
Iteration 70 / LogL: -9042.631 / Time: 0h:0m:4s (0h:0m:1s left)
Iteration 80 / LogL: -9042.613 / Time: 0h:0m:4s (0h:0m:1s left)
Iteration 90 / LogL: -9042.629 / Time: 0h:0m:5s (0h:0m:0s left)
Iteration 100 / LogL: -9042.662 / Time: 0h:0m:5s (0h:0m:0s left)
Log-likelihood cutoff on original alignment: -9081.315
NOTE: Bootstrap correlation coefficient of split occurrence frequencies: 0.995
TREE SEARCH COMPLETED AFTER 102 ITERATIONS / Time: 0h:0m:5s

--------------------------------------------------------------------
|                    FINALIZING TREE SEARCH                        |
--------------------------------------------------------------------
Performs final model parameters optimization
Estimate model parameters (epsilon = 0.010)
Initial log-likelihood: -9042.613
Current log-likelihood at step 1: -9042.545
Current log-likelihood at step 2: -9042.483
Current log-likelihood at step 3: -9042.426
Current log-likelihood at step 4: -9042.372
Current log-likelihood at step 5: -9042.324
Current log-likelihood at step 6: -9042.279
Current log-likelihood at step 7: -9042.239
Current log-likelihood at step 8: -9042.201
Current log-likelihood at step 9: -9042.167
Current log-likelihood at step 10: -9042.136
Current log-likelihood at step 11: -9042.107
Current log-likelihood at step 12: -9042.080
Current log-likelihood at step 13: -9042.056
Current log-likelihood at step 14: -9042.033
Current log-likelihood at step 15: -9042.010
Current log-likelihood at step 16: -9041.988
Current log-likelihood at step 17: -9041.968
Current log-likelihood at step 18: -9041.950
Current log-likelihood at step 19: -9041.934
Current log-likelihood at step 20: -9041.918
Current log-likelihood at step 21: -9041.904
Current log-likelihood at step 22: -9041.889
Current log-likelihood at step 23: -9041.877
Current log-likelihood at step 24: -9041.866
Current log-likelihood at step 25: -9041.857
Partition-specific rates:  0.537 0.534 2.666 0.082 2.060 0.201
Parameters optimization took 24 rounds (0.230 sec)


WARNING: Estimated model parameters are at boundary that can cause numerical instability!

BEST SCORE FOUND : -9041.857

Testing tree branches by SH-like aLRT with 1000 replicates...
0.343 sec.
Creating bootstrap support values...
Split supports printed to NEXUS file SUP35_aln.best.fas.splits.nex
Total tree length: 1.395

Total number of iterations: 102
CPU time used for tree search: 4.348 sec (0h:0m:4s)
Wall-clock time used for tree search: 4.652 sec (0h:0m:4s)
Total CPU time used: 5.674 sec (0h:0m:5s)
Total wall-clock time used: 6.147 sec (0h:0m:6s)

Computing bootstrap consensus tree...
Reading input file SUP35_aln.best.fas.splits.nex...
10 taxa and 28 splits.
Consensus tree written to SUP35_aln.best.fas.contree
Reading input trees file SUP35_aln.best.fas.contree
Log-likelihood of consensus tree: -9041.858

Analysis results written to: 
  IQ-TREE report:                SUP35_aln.best.fas.iqtree
  Maximum-likelihood tree:       SUP35_aln.best.fas.treefile
  Likelihood distances:          SUP35_aln.best.fas.mldist

Ultrafast bootstrap approximation results written to:
  Split support values:          SUP35_aln.best.fas.splits.nex
  Consensus tree:                SUP35_aln.best.fas.contree
  Screen log file:               SUP35_aln.best.fas.log

Date and Time: Fri Oct 18 09:03:27 2019
